<?xml version="1.0" encoding="UTF-8"?>
<testsuites>
  <testsuite name="/Users/akouta/Projects/mono-php/cli/phpunit.xml" tests="58" assertions="79" errors="0" failures="0" skipped="0" time="0.040367">
    <testsuite name="Unit" tests="58" assertions="79" errors="0" failures="0" skipped="0" time="0.040367">
      <testsuite name="PhpHive\Cli\Tests\Unit\Support\ContainerTest" file="/Users/akouta/Projects/mono-php/cli/tests/Unit/Support/ContainerTest.php" tests="4" assertions="5" errors="0" failures="0" skipped="0" time="0.005458">
        <testcase name="test_get_instance_returns_singleton" file="/Users/akouta/Projects/mono-php/cli/tests/Unit/Support/ContainerTest.php" line="25" class="PhpHive\Cli\Tests\Unit\Support\ContainerTest" classname="PhpHive.Cli.Tests.Unit.Support.ContainerTest" assertions="1" time="0.004880"/>
        <testcase name="test_can_bind_singleton" file="/Users/akouta/Projects/mono-php/cli/tests/Unit/Support/ContainerTest.php" line="62" class="PhpHive\Cli\Tests\Unit\Support\ContainerTest" classname="PhpHive.Cli.Tests.Unit.Support.ContainerTest" assertions="2" time="0.000389"/>
        <testcase name="test_can_bind_instance" file="/Users/akouta/Projects/mono-php/cli/tests/Unit/Support/ContainerTest.php" line="91" class="PhpHive\Cli\Tests\Unit\Support\ContainerTest" classname="PhpHive.Cli.Tests.Unit.Support.ContainerTest" assertions="1" time="0.000096"/>
        <testcase name="test_can_bind_and_resolve_services" file="/Users/akouta/Projects/mono-php/cli/tests/Unit/Support/ContainerTest.php" line="41" class="PhpHive\Cli\Tests\Unit\Support\ContainerTest" classname="PhpHive.Cli.Tests.Unit.Support.ContainerTest" assertions="1" time="0.000093"/>
      </testsuite>
      <testsuite name="PhpHive\Cli\Tests\Unit\Support\ReflectionTest" file="/Users/akouta/Projects/mono-php/cli/tests/Unit/Support/ReflectionTest.php" tests="10" assertions="16" errors="0" failures="0" skipped="0" time="0.004304">
        <testcase name="test_get_class_short_name_returns_short_name" file="/Users/akouta/Projects/mono-php/cli/tests/Unit/Support/ReflectionTest.php" line="87" class="PhpHive\Cli\Tests\Unit\Support\ReflectionTest" classname="PhpHive.Cli.Tests.Unit.Support.ReflectionTest" assertions="1" time="0.002129"/>
        <testcase name="test_has_method_checks_method_existence" file="/Users/akouta/Projects/mono-php/cli/tests/Unit/Support/ReflectionTest.php" line="126" class="PhpHive\Cli\Tests\Unit\Support\ReflectionTest" classname="PhpHive.Cli.Tests.Unit.Support.ReflectionTest" assertions="2" time="0.000602"/>
        <testcase name="test_exists_checks_class_existence" file="/Users/akouta/Projects/mono-php/cli/tests/Unit/Support/ReflectionTest.php" line="25" class="PhpHive\Cli\Tests\Unit\Support\ReflectionTest" classname="PhpHive.Cli.Tests.Unit.Support.ReflectionTest" assertions="2" time="0.000115"/>
        <testcase name="test_is_abstract_checks_if_class_is_abstract" file="/Users/akouta/Projects/mono-php/cli/tests/Unit/Support/ReflectionTest.php" line="101" class="PhpHive\Cli\Tests\Unit\Support\ReflectionTest" classname="PhpHive.Cli.Tests.Unit.Support.ReflectionTest" assertions="1" time="0.000085"/>
        <testcase name="test_property_exists_checks_property_existence" file="/Users/akouta/Projects/mono-php/cli/tests/Unit/Support/ReflectionTest.php" line="53" class="PhpHive\Cli\Tests\Unit\Support\ReflectionTest" classname="PhpHive.Cli.Tests.Unit.Support.ReflectionTest" assertions="2" time="0.000076"/>
        <testcase name="test_is_final_checks_if_class_is_final" file="/Users/akouta/Projects/mono-php/cli/tests/Unit/Support/ReflectionTest.php" line="115" class="PhpHive\Cli\Tests\Unit\Support\ReflectionTest" classname="PhpHive.Cli.Tests.Unit.Support.ReflectionTest" assertions="1" time="0.000073"/>
        <testcase name="test_get_class_name_returns_full_class_name" file="/Users/akouta/Projects/mono-php/cli/tests/Unit/Support/ReflectionTest.php" line="73" class="PhpHive\Cli\Tests\Unit\Support\ReflectionTest" classname="PhpHive.Cli.Tests.Unit.Support.ReflectionTest" assertions="1" time="0.000074"/>
        <testcase name="test_get_properties_returns_all_properties" file="/Users/akouta/Projects/mono-php/cli/tests/Unit/Support/ReflectionTest.php" line="157" class="PhpHive\Cli\Tests\Unit\Support\ReflectionTest" classname="PhpHive.Cli.Tests.Unit.Support.ReflectionTest" assertions="2" time="0.000534"/>
        <testcase name="test_method_exists_checks_method_existence" file="/Users/akouta/Projects/mono-php/cli/tests/Unit/Support/ReflectionTest.php" line="39" class="PhpHive\Cli\Tests\Unit\Support\ReflectionTest" classname="PhpHive.Cli.Tests.Unit.Support.ReflectionTest" assertions="2" time="0.000077"/>
        <testcase name="test_get_methods_returns_all_methods" file="/Users/akouta/Projects/mono-php/cli/tests/Unit/Support/ReflectionTest.php" line="140" class="PhpHive\Cli\Tests\Unit\Support\ReflectionTest" classname="PhpHive.Cli.Tests.Unit.Support.ReflectionTest" assertions="2" time="0.000539"/>
      </testsuite>
      <testsuite name="PhpHive\Cli\Tests\Unit\ApplicationTest" file="/Users/akouta/Projects/mono-php/cli/tests/Unit/ApplicationTest.php" tests="6" assertions="7" errors="0" failures="0" skipped="0" time="0.012258">
        <testcase name="test_get_long_version_returns_formatted_string" file="/Users/akouta/Projects/mono-php/cli/tests/Unit/ApplicationTest.php" line="107" class="PhpHive\Cli\Tests\Unit\ApplicationTest" classname="PhpHive.Cli.Tests.Unit.ApplicationTest" assertions="2" time="0.002437"/>
        <testcase name="test_has_default_command" file="/Users/akouta/Projects/mono-php/cli/tests/Unit/ApplicationTest.php" line="92" class="PhpHive\Cli\Tests\Unit\ApplicationTest" classname="PhpHive.Cli.Tests.Unit.ApplicationTest" assertions="1" time="0.004570"/>
        <testcase name="test_make_creates_and_boots_application" file="/Users/akouta/Projects/mono-php/cli/tests/Unit/ApplicationTest.php" line="40" class="PhpHive\Cli\Tests\Unit\ApplicationTest" classname="PhpHive.Cli.Tests.Unit.ApplicationTest" assertions="1" time="0.004015"/>
        <testcase name="test_boot_discovers_commands" file="/Users/akouta/Projects/mono-php/cli/tests/Unit/ApplicationTest.php" line="73" class="PhpHive\Cli\Tests\Unit\ApplicationTest" classname="PhpHive.Cli.Tests.Unit.ApplicationTest" assertions="1" time="0.001054"/>
        <testcase name="test_container_returns_container_instance" file="/Users/akouta/Projects/mono-php/cli/tests/Unit/ApplicationTest.php" line="55" class="PhpHive\Cli\Tests\Unit\ApplicationTest" classname="PhpHive.Cli.Tests.Unit.ApplicationTest" assertions="1" time="0.000083"/>
        <testcase name="test_can_create_application_instance" file="/Users/akouta/Projects/mono-php/cli/tests/Unit/ApplicationTest.php" line="25" class="PhpHive\Cli\Tests\Unit\ApplicationTest" classname="PhpHive.Cli.Tests.Unit.ApplicationTest" assertions="1" time="0.000099"/>
      </testsuite>
      <testsuite name="PhpHive\Cli\Tests\Unit\Support\FilesystemTest" file="/Users/akouta/Projects/mono-php/cli/tests/Unit/Support/FilesystemTest.php" tests="16" assertions="27" errors="0" failures="0" skipped="0" time="0.010050">
        <testcase name="test_last_modified_returns_modification_time" file="/Users/akouta/Projects/mono-php/cli/tests/Unit/Support/FilesystemTest.php" line="342" class="PhpHive\Cli\Tests\Unit\Support\FilesystemTest" classname="PhpHive.Cli.Tests.Unit.Support.FilesystemTest" assertions="2" time="0.001939"/>
        <testcase name="test_glob_finds_matching_files" file="/Users/akouta/Projects/mono-php/cli/tests/Unit/Support/FilesystemTest.php" line="322" class="PhpHive\Cli\Tests\Unit\Support\FilesystemTest" classname="PhpHive.Cli.Tests.Unit.Support.FilesystemTest" assertions="1" time="0.000609"/>
        <testcase name="test_exists_checks_file_existence" file="/Users/akouta/Projects/mono-php/cli/tests/Unit/Support/FilesystemTest.php" line="79" class="PhpHive\Cli\Tests\Unit\Support\FilesystemTest" classname="PhpHive.Cli.Tests.Unit.Support.FilesystemTest" assertions="2" time="0.000311"/>
        <testcase name="test_write_creates_file_with_content" file="/Users/akouta/Projects/mono-php/cli/tests/Unit/Support/FilesystemTest.php" line="165" class="PhpHive\Cli\Tests\Unit\Support\FilesystemTest" classname="PhpHive.Cli.Tests.Unit.Support.FilesystemTest" assertions="2" time="0.000420"/>
        <testcase name="test_write_creates_parent_directories" file="/Users/akouta/Projects/mono-php/cli/tests/Unit/Support/FilesystemTest.php" line="185" class="PhpHive\Cli\Tests\Unit\Support\FilesystemTest" classname="PhpHive.Cli.Tests.Unit.Support.FilesystemTest" assertions="2" time="0.000580"/>
        <testcase name="test_directories_lists_directories" file="/Users/akouta/Projects/mono-php/cli/tests/Unit/Support/FilesystemTest.php" line="298" class="PhpHive\Cli\Tests\Unit\Support\FilesystemTest" classname="PhpHive.Cli.Tests.Unit.Support.FilesystemTest" assertions="3" time="0.001126"/>
        <testcase name="test_read_returns_file_contents" file="/Users/akouta/Projects/mono-php/cli/tests/Unit/Support/FilesystemTest.php" line="132" class="PhpHive\Cli\Tests\Unit\Support\FilesystemTest" classname="PhpHive.Cli.Tests.Unit.Support.FilesystemTest" assertions="1" time="0.000486"/>
        <testcase name="test_make_directory_with_recursive_creates_nested_directories" file="/Users/akouta/Projects/mono-php/cli/tests/Unit/Support/FilesystemTest.php" line="221" class="PhpHive\Cli\Tests\Unit\Support\FilesystemTest" classname="PhpHive.Cli.Tests.Unit.Support.FilesystemTest" assertions="1" time="0.000570"/>
        <testcase name="test_delete_directory_removes_directory_recursively" file="/Users/akouta/Projects/mono-php/cli/tests/Unit/Support/FilesystemTest.php" line="255" class="PhpHive\Cli\Tests\Unit\Support\FilesystemTest" classname="PhpHive.Cli.Tests.Unit.Support.FilesystemTest" assertions="1" time="0.000480"/>
        <testcase name="test_delete_removes_file" file="/Users/akouta/Projects/mono-php/cli/tests/Unit/Support/FilesystemTest.php" line="237" class="PhpHive\Cli\Tests\Unit\Support\FilesystemTest" classname="PhpHive.Cli.Tests.Unit.Support.FilesystemTest" assertions="1" time="0.000324"/>
        <testcase name="test_all_files_returns_all_files_recursively" file="/Users/akouta/Projects/mono-php/cli/tests/Unit/Support/FilesystemTest.php" line="361" class="PhpHive\Cli\Tests\Unit\Support\FilesystemTest" classname="PhpHive.Cli.Tests.Unit.Support.FilesystemTest" assertions="1" time="0.000584"/>
        <testcase name="test_files_lists_files_in_directory" file="/Users/akouta/Projects/mono-php/cli/tests/Unit/Support/FilesystemTest.php" line="274" class="PhpHive\Cli\Tests\Unit\Support\FilesystemTest" classname="PhpHive.Cli.Tests.Unit.Support.FilesystemTest" assertions="3" time="0.000553"/>
        <testcase name="test_make_directory_creates_directory" file="/Users/akouta/Projects/mono-php/cli/tests/Unit/Support/FilesystemTest.php" line="204" class="PhpHive\Cli\Tests\Unit\Support\FilesystemTest" classname="PhpHive.Cli.Tests.Unit.Support.FilesystemTest" assertions="1" time="0.000317"/>
        <testcase name="test_is_file_checks_if_path_is_file" file="/Users/akouta/Projects/mono-php/cli/tests/Unit/Support/FilesystemTest.php" line="98" class="PhpHive\Cli\Tests\Unit\Support\FilesystemTest" classname="PhpHive.Cli.Tests.Unit.Support.FilesystemTest" assertions="2" time="0.000299"/>
        <testcase name="test_is_directory_checks_if_path_is_directory" file="/Users/akouta/Projects/mono-php/cli/tests/Unit/Support/FilesystemTest.php" line="115" class="PhpHive\Cli\Tests\Unit\Support\FilesystemTest" classname="PhpHive.Cli.Tests.Unit.Support.FilesystemTest" assertions="2" time="0.000346"/>
        <testcase name="test_read_throws_exception_for_nonexistent_file" file="/Users/akouta/Projects/mono-php/cli/tests/Unit/Support/FilesystemTest.php" line="150" class="PhpHive\Cli\Tests\Unit\Support\FilesystemTest" classname="PhpHive.Cli.Tests.Unit.Support.FilesystemTest" assertions="2" time="0.001105"/>
      </testsuite>
      <testsuite name="PhpHive\Cli\Tests\Unit\Support\ArrTest" file="/Users/akouta/Projects/mono-php/cli/tests/Unit/Support/ArrTest.php" tests="16" assertions="18" errors="0" failures="0" skipped="0" time="0.002439">
        <testcase name="test_merge_combines_arrays" file="/Users/akouta/Projects/mono-php/cli/tests/Unit/Support/ArrTest.php" line="150" class="PhpHive\Cli\Tests\Unit\Support\ArrTest" classname="PhpHive.Cli.Tests.Unit.Support.ArrTest" assertions="1" time="0.001255"/>
        <testcase name="test_combine_creates_array_from_keys_and_values" file="/Users/akouta/Projects/mono-php/cli/tests/Unit/Support/ArrTest.php" line="82" class="PhpHive\Cli\Tests\Unit\Support\ArrTest" classname="PhpHive.Cli.Tests.Unit.Support.ArrTest" assertions="1" time="0.000112"/>
        <testcase name="test_keys_returns_array_keys" file="/Users/akouta/Projects/mono-php/cli/tests/Unit/Support/ArrTest.php" line="43" class="PhpHive\Cli\Tests\Unit\Support\ArrTest" classname="PhpHive.Cli.Tests.Unit.Support.ArrTest" assertions="1" time="0.000142"/>
        <testcase name="test_count_returns_element_count" file="/Users/akouta/Projects/mono-php/cli/tests/Unit/Support/ArrTest.php" line="229" class="PhpHive\Cli\Tests\Unit\Support\ArrTest" classname="PhpHive.Cli.Tests.Unit.Support.ArrTest" assertions="1" time="0.000081"/>
        <testcase name="test_key_exists_checks_for_key" file="/Users/akouta/Projects/mono-php/cli/tests/Unit/Support/ArrTest.php" line="96" class="PhpHive\Cli\Tests\Unit\Support\ArrTest" classname="PhpHive.Cli.Tests.Unit.Support.ArrTest" assertions="2" time="0.000078"/>
        <testcase name="test_unique_removes_duplicates" file="/Users/akouta/Projects/mono-php/cli/tests/Unit/Support/ArrTest.php" line="109" class="PhpHive\Cli\Tests\Unit\Support\ArrTest" classname="PhpHive.Cli.Tests.Unit.Support.ArrTest" assertions="1" time="0.000072"/>
        <testcase name="test_flip_swaps_keys_and_values" file="/Users/akouta/Projects/mono-php/cli/tests/Unit/Support/ArrTest.php" line="69" class="PhpHive\Cli\Tests\Unit\Support\ArrTest" classname="PhpHive.Cli.Tests.Unit.Support.ArrTest" assertions="1" time="0.000074"/>
        <testcase name="test_sum_calculates_total" file="/Users/akouta/Projects/mono-php/cli/tests/Unit/Support/ArrTest.php" line="203" class="PhpHive\Cli\Tests\Unit\Support\ArrTest" classname="PhpHive.Cli.Tests.Unit.Support.ArrTest" assertions="1" time="0.000072"/>
        <testcase name="test_diff_returns_difference" file="/Users/akouta/Projects/mono-php/cli/tests/Unit/Support/ArrTest.php" line="122" class="PhpHive\Cli\Tests\Unit\Support\ArrTest" classname="PhpHive.Cli.Tests.Unit.Support.ArrTest" assertions="1" time="0.000070"/>
        <testcase name="test_filter_removes_elements" file="/Users/akouta/Projects/mono-php/cli/tests/Unit/Support/ArrTest.php" line="177" class="PhpHive\Cli\Tests\Unit\Support\ArrTest" classname="PhpHive.Cli.Tests.Unit.Support.ArrTest" assertions="1" time="0.000073"/>
        <testcase name="test_in_array_checks_value_existence" file="/Users/akouta/Projects/mono-php/cli/tests/Unit/Support/ArrTest.php" line="190" class="PhpHive\Cli\Tests\Unit\Support\ArrTest" classname="PhpHive.Cli.Tests.Unit.Support.ArrTest" assertions="2" time="0.000069"/>
        <testcase name="test_build_transforms_array_with_callback" file="/Users/akouta/Projects/mono-php/cli/tests/Unit/Support/ArrTest.php" line="26" class="PhpHive\Cli\Tests\Unit\Support\ArrTest" classname="PhpHive.Cli.Tests.Unit.Support.ArrTest" assertions="1" time="0.000071"/>
        <testcase name="test_chunk_splits_array" file="/Users/akouta/Projects/mono-php/cli/tests/Unit/Support/ArrTest.php" line="164" class="PhpHive\Cli\Tests\Unit\Support\ArrTest" classname="PhpHive.Cli.Tests.Unit.Support.ArrTest" assertions="1" time="0.000066"/>
        <testcase name="test_intersect_returns_intersection" file="/Users/akouta/Projects/mono-php/cli/tests/Unit/Support/ArrTest.php" line="136" class="PhpHive\Cli\Tests\Unit\Support\ArrTest" classname="PhpHive.Cli.Tests.Unit.Support.ArrTest" assertions="1" time="0.000077"/>
        <testcase name="test_product_calculates_product" file="/Users/akouta/Projects/mono-php/cli/tests/Unit/Support/ArrTest.php" line="216" class="PhpHive\Cli\Tests\Unit\Support\ArrTest" classname="PhpHive.Cli.Tests.Unit.Support.ArrTest" assertions="1" time="0.000064"/>
        <testcase name="test_values_returns_array_values" file="/Users/akouta/Projects/mono-php/cli/tests/Unit/Support/ArrTest.php" line="56" class="PhpHive\Cli\Tests\Unit\Support\ArrTest" classname="PhpHive.Cli.Tests.Unit.Support.ArrTest" assertions="1" time="0.000062"/>
      </testsuite>
      <testsuite name="PhpHive\Cli\Tests\Unit\Commands\BaseCommandTest" file="/Users/akouta/Projects/mono-php/cli/tests/Unit/Commands/BaseCommandTest.php" tests="6" assertions="6" errors="0" failures="0" skipped="0" time="0.005858">
        <testcase name="test_is_quiet_checks_quiet_mode" file="/Users/akouta/Projects/mono-php/cli/tests/Unit/Commands/BaseCommandTest.php" line="114" class="PhpHive\Cli\Tests\Unit\Commands\BaseCommandTest" classname="PhpHive.Cli.Tests.Unit.Commands.BaseCommandTest" assertions="1" time="0.002978"/>
        <testcase name="test_option_retrieves_option_value" file="/Users/akouta/Projects/mono-php/cli/tests/Unit/Commands/BaseCommandTest.php" line="128" class="PhpHive\Cli\Tests\Unit\Commands\BaseCommandTest" classname="PhpHive.Cli.Tests.Unit.Commands.BaseCommandTest" assertions="1" time="0.000176"/>
        <testcase name="test_can_set_container" file="/Users/akouta/Projects/mono-php/cli/tests/Unit/Commands/BaseCommandTest.php" line="65" class="PhpHive\Cli\Tests\Unit\Commands\BaseCommandTest" classname="PhpHive.Cli.Tests.Unit.Commands.BaseCommandTest" assertions="1" time="0.000101"/>
        <testcase name="test_line_writes_output" file="/Users/akouta/Projects/mono-php/cli/tests/Unit/Commands/BaseCommandTest.php" line="83" class="PhpHive\Cli\Tests\Unit\Commands\BaseCommandTest" classname="PhpHive.Cli.Tests.Unit.Commands.BaseCommandTest" assertions="1" time="0.002368"/>
        <testcase name="test_has_option_checks_option_existence" file="/Users/akouta/Projects/mono-php/cli/tests/Unit/Commands/BaseCommandTest.php" line="150" class="PhpHive\Cli\Tests\Unit\Commands\BaseCommandTest" classname="PhpHive.Cli.Tests.Unit.Commands.BaseCommandTest" assertions="1" time="0.000140"/>
        <testcase name="test_is_verbose_checks_verbosity" file="/Users/akouta/Projects/mono-php/cli/tests/Unit/Commands/BaseCommandTest.php" line="100" class="PhpHive\Cli\Tests\Unit\Commands\BaseCommandTest" classname="PhpHive.Cli.Tests.Unit.Commands.BaseCommandTest" assertions="1" time="0.000095"/>
      </testsuite>
    </testsuite>
  </testsuite>
</testsuites>
